<?xml version="1.0" encoding="UTF-8"?>
<testng-results ignored="0" total="9" passed="6" failed="3" skipped="0">
  <reporter-output>
  </reporter-output>
  <suite started-at="2024-10-18T10:35:12 CDT" name="UserAPISuite" finished-at="2024-10-18T10:35:17 CDT" duration-ms="5182">
    <groups>
    </groups>
    <test started-at="2024-10-18T10:35:12 CDT" name="Create User Tests" finished-at="2024-10-18T10:35:15 CDT" duration-ms="3278">
      <class name="testNg.CreateUserTests">
        <test-method signature="givenValidUserDetails_whenAddNewUser_thenUserIsCreated(java.lang.String,java.lang.String,java.lang.String,java.lang.String,java.lang.String,java.lang.String,java.lang.String,java.lang.String,java.lang.String)[pri:0, instance:testNg.CreateUserTests@5552768b]" started-at="2024-10-18T10:35:12 CDT" name="givenValidUserDetails_whenAddNewUser_thenUserIsCreated" data-provider="userDataFromCSV" finished-at="2024-10-18T10:35:14 CDT" duration-ms="1789" status="PASS">
          <params>
            <param index="0">
              <value>
                <![CDATA[user_first_name]]>
              </value>
            </param>
            <param index="1">
              <value>
                <![CDATA[user_last_name]]>
              </value>
            </param>
            <param index="2">
              <value>
                <![CDATA[user_contact_number]]>
              </value>
            </param>
            <param index="3">
              <value>
                <![CDATA[user_email_id]]>
              </value>
            </param>
            <param index="4">
              <value>
                <![CDATA[plotNumber]]>
              </value>
            </param>
            <param index="5">
              <value>
                <![CDATA[street]]>
              </value>
            </param>
            <param index="6">
              <value>
                <![CDATA[state]]>
              </value>
            </param>
            <param index="7">
              <value>
                <![CDATA[country]]>
              </value>
            </param>
            <param index="8">
              <value>
                <![CDATA[zipCode]]>
              </value>
            </param>
          </params>
          <reporter-output>
          </reporter-output>
        </test-method> <!-- givenValidUserDetails_whenAddNewUser_thenUserIsCreated -->
        <test-method signature="givenValidUserDetails_whenAddNewUser_thenUserIsCreated(java.lang.String,java.lang.String,java.lang.String,java.lang.String,java.lang.String,java.lang.String,java.lang.String,java.lang.String,java.lang.String)[pri:0, instance:testNg.CreateUserTests@5552768b]" started-at="2024-10-18T10:35:14 CDT" name="givenValidUserDetails_whenAddNewUser_thenUserIsCreated" data-provider="userDataFromCSV" finished-at="2024-10-18T10:35:14 CDT" duration-ms="346" status="PASS">
          <params>
            <param index="0">
              <value>
                <![CDATA["""VidFirstName"""]]>
              </value>
            </param>
            <param index="1">
              <value>
                <![CDATA["""One"""]]>
              </value>
            </param>
            <param index="2">
              <value>
                <![CDATA[9000123456]]>
              </value>
            </param>
            <param index="3">
              <value>
                <![CDATA["""A9000123456@gmail.com"""]]>
              </value>
            </param>
            <param index="4">
              <value>
                <![CDATA["""12-bc"""]]>
              </value>
            </param>
            <param index="5">
              <value>
                <![CDATA["""New Street"""]]>
              </value>
            </param>
            <param index="6">
              <value>
                <![CDATA["""Texas"""]]>
              </value>
            </param>
            <param index="7">
              <value>
                <![CDATA["""USA"""]]>
              </value>
            </param>
            <param index="8">
              <value>
                <![CDATA[71234]]>
              </value>
            </param>
          </params>
          <reporter-output>
          </reporter-output>
        </test-method> <!-- givenValidUserDetails_whenAddNewUser_thenUserIsCreated -->
        <test-method signature="givenValidUserDetails_whenAddNewUser_thenUserIsCreated(java.lang.String,java.lang.String,java.lang.String,java.lang.String,java.lang.String,java.lang.String,java.lang.String,java.lang.String,java.lang.String)[pri:0, instance:testNg.CreateUserTests@5552768b]" started-at="2024-10-18T10:35:14 CDT" name="givenValidUserDetails_whenAddNewUser_thenUserIsCreated" data-provider="userDataFromCSV" finished-at="2024-10-18T10:35:14 CDT" duration-ms="354" status="PASS">
          <params>
            <param index="0">
              <value>
                <![CDATA["""VidFirstName"""]]>
              </value>
            </param>
            <param index="1">
              <value>
                <![CDATA["""Two"""]]>
              </value>
            </param>
            <param index="2">
              <value>
                <![CDATA[9000123457]]>
              </value>
            </param>
            <param index="3">
              <value>
                <![CDATA["""A9000123457@gmail.com"""]]>
              </value>
            </param>
            <param index="4">
              <value>
                <![CDATA["""12-bc"""]]>
              </value>
            </param>
            <param index="5">
              <value>
                <![CDATA["""New Street"""]]>
              </value>
            </param>
            <param index="6">
              <value>
                <![CDATA["""Texas"""]]>
              </value>
            </param>
            <param index="7">
              <value>
                <![CDATA["""USA"""]]>
              </value>
            </param>
            <param index="8">
              <value>
                <![CDATA[71234]]>
              </value>
            </param>
          </params>
          <reporter-output>
          </reporter-output>
        </test-method> <!-- givenValidUserDetails_whenAddNewUser_thenUserIsCreated -->
        <test-method signature="givenValidUserDetails_whenAddNewUser_thenUserIsCreated(java.lang.String,java.lang.String,java.lang.String,java.lang.String,java.lang.String,java.lang.String,java.lang.String,java.lang.String,java.lang.String)[pri:0, instance:testNg.CreateUserTests@5552768b]" started-at="2024-10-18T10:35:14 CDT" name="givenValidUserDetails_whenAddNewUser_thenUserIsCreated" data-provider="userDataFromCSV" finished-at="2024-10-18T10:35:15 CDT" duration-ms="367" status="PASS">
          <params>
            <param index="0">
              <value>
                <![CDATA["""VidFirstName"""]]>
              </value>
            </param>
            <param index="1">
              <value>
                <![CDATA["""Three"""]]>
              </value>
            </param>
            <param index="2">
              <value>
                <![CDATA[9000123458]]>
              </value>
            </param>
            <param index="3">
              <value>
                <![CDATA["""A9000123458@gmail.com"""]]>
              </value>
            </param>
            <param index="4">
              <value>
                <![CDATA["""12-bc"""]]>
              </value>
            </param>
            <param index="5">
              <value>
                <![CDATA["""New Street"""]]>
              </value>
            </param>
            <param index="6">
              <value>
                <![CDATA["""Texas"""]]>
              </value>
            </param>
            <param index="7">
              <value>
                <![CDATA["""USA"""]]>
              </value>
            </param>
            <param index="8">
              <value>
                <![CDATA[71234]]>
              </value>
            </param>
          </params>
          <reporter-output>
          </reporter-output>
        </test-method> <!-- givenValidUserDetails_whenAddNewUser_thenUserIsCreated -->
        <test-method signature="givenValidUserDetails_whenAddNewUser_thenUserIsCreated(java.lang.String,java.lang.String,java.lang.String,java.lang.String,java.lang.String,java.lang.String,java.lang.String,java.lang.String,java.lang.String)[pri:0, instance:testNg.CreateUserTests@5552768b]" started-at="2024-10-18T10:35:15 CDT" name="givenValidUserDetails_whenAddNewUser_thenUserIsCreated" data-provider="userDataFromCSV" finished-at="2024-10-18T10:35:15 CDT" duration-ms="371" status="PASS">
          <params>
            <param index="0">
              <value>
                <![CDATA["""VidFirstName"""]]>
              </value>
            </param>
            <param index="1">
              <value>
                <![CDATA["""Four"""]]>
              </value>
            </param>
            <param index="2">
              <value>
                <![CDATA[9000123459]]>
              </value>
            </param>
            <param index="3">
              <value>
                <![CDATA["""A9000123459@gmail.com"""]]>
              </value>
            </param>
            <param index="4">
              <value>
                <![CDATA["""12-bc"""]]>
              </value>
            </param>
            <param index="5">
              <value>
                <![CDATA["""New Street"""]]>
              </value>
            </param>
            <param index="6">
              <value>
                <![CDATA["""Texas"""]]>
              </value>
            </param>
            <param index="7">
              <value>
                <![CDATA["""USA"""]]>
              </value>
            </param>
            <param index="8">
              <value>
                <![CDATA[71234]]>
              </value>
            </param>
          </params>
          <reporter-output>
          </reporter-output>
        </test-method> <!-- givenValidUserDetails_whenAddNewUser_thenUserIsCreated -->
      </class> <!-- testNg.CreateUserTests -->
    </test> <!-- Create User Tests -->
    <test started-at="2024-10-18T10:35:15 CDT" name="Get User Tests" finished-at="2024-10-18T10:35:17 CDT" duration-ms="1347">
      <class name="testNg.GetUserTests">
        <test-method signature="givenValidAuth_whenGetAllUsers_thenStatusCodeIs200()[pri:0, instance:testNg.GetUserTests@6631f5ca]" started-at="2024-10-18T10:35:15 CDT" name="givenValidAuth_whenGetAllUsers_thenStatusCodeIs200" finished-at="2024-10-18T10:35:16 CDT" duration-ms="976" status="PASS">
          <reporter-output>
          </reporter-output>
        </test-method> <!-- givenValidAuth_whenGetAllUsers_thenStatusCodeIs200 -->
        <test-method signature="givenValidAuth_whenGetUserById_thenStatusCodeIs200()[pri:0, instance:testNg.GetUserTests@6631f5ca]" started-at="2024-10-18T10:35:16 CDT" name="givenValidAuth_whenGetUserById_thenStatusCodeIs200" finished-at="2024-10-18T10:35:17 CDT" duration-ms="363" status="FAIL">
          <exception class="java.lang.AssertionError">
            <message>
              <![CDATA[Status code should be 200 expected [200] but found [404]]]>
            </message>
            <full-stacktrace>
              <![CDATA[java.lang.AssertionError: Status code should be 200 expected [200] but found [404]
at org.testng.Assert.fail(Assert.java:111)
at org.testng.Assert.failNotEquals(Assert.java:1578)
at org.testng.Assert.assertEqualsImpl(Assert.java:150)
at org.testng.Assert.assertEquals(Assert.java:132)
at org.testng.Assert.assertEquals(Assert.java:1419)
at org.testng.Assert.assertEquals(Assert.java:1383)
at testNg.GetUserTests.givenValidAuth_whenGetUserById_thenStatusCodeIs200(GetUserTests.java:27)
at java.base/jdk.internal.reflect.DirectMethodHandleAccessor.invoke(DirectMethodHandleAccessor.java:103)
at java.base/java.lang.reflect.Method.invoke(Method.java:580)
at org.testng.internal.invokers.MethodInvocationHelper.invokeMethod(MethodInvocationHelper.java:141)
at org.testng.internal.invokers.TestInvoker.invokeMethod(TestInvoker.java:686)
at org.testng.internal.invokers.TestInvoker.invokeTestMethod(TestInvoker.java:230)
at org.testng.internal.invokers.MethodRunner.runInSequence(MethodRunner.java:63)
at org.testng.internal.invokers.TestInvoker$MethodInvocationAgent.invoke(TestInvoker.java:992)
at org.testng.internal.invokers.TestInvoker.invokeTestMethods(TestInvoker.java:203)
at org.testng.internal.invokers.TestMethodWorker.invokeTestMethods(TestMethodWorker.java:154)
at org.testng.internal.invokers.TestMethodWorker.run(TestMethodWorker.java:134)
at java.base/java.util.ArrayList.forEach(ArrayList.java:1597)
at org.testng.TestRunner.privateRun(TestRunner.java:739)
at org.testng.TestRunner.run(TestRunner.java:614)
at org.testng.SuiteRunner.runTest(SuiteRunner.java:421)
at org.testng.SuiteRunner.runSequentially(SuiteRunner.java:413)
at org.testng.SuiteRunner.privateRun(SuiteRunner.java:373)
at org.testng.SuiteRunner.run(SuiteRunner.java:312)
at org.testng.SuiteRunnerWorker.runSuite(SuiteRunnerWorker.java:52)
at org.testng.SuiteRunnerWorker.run(SuiteRunnerWorker.java:95)
at org.testng.TestNG.runSuitesSequentially(TestNG.java:1274)
at org.testng.TestNG.runSuitesLocally(TestNG.java:1208)
at org.testng.TestNG.runSuites(TestNG.java:1112)
at org.testng.TestNG.run(TestNG.java:1079)
at org.testng.remote.AbstractRemoteTestNG.run(AbstractRemoteTestNG.java:115)
at org.testng.remote.RemoteTestNG.initAndRun(RemoteTestNG.java:293)
at org.testng.remote.RemoteTestNG.main(RemoteTestNG.java:91)
]]>
            </full-stacktrace>
          </exception> <!-- java.lang.AssertionError -->
          <reporter-output>
          </reporter-output>
        </test-method> <!-- givenValidAuth_whenGetUserById_thenStatusCodeIs200 -->
      </class> <!-- testNg.GetUserTests -->
    </test> <!-- Get User Tests -->
    <test started-at="2024-10-18T10:35:17 CDT" name="Update User Tests" finished-at="2024-10-18T10:35:17 CDT" duration-ms="373">
      <class name="testNg.UpdateUserTests">
        <test-method signature="updateUserTest()[pri:0, instance:testNg.UpdateUserTests@10163d6]" started-at="2024-10-18T10:35:17 CDT" name="updateUserTest" finished-at="2024-10-18T10:35:17 CDT" duration-ms="369" status="FAIL">
          <exception class="java.lang.AssertionError">
            <message>
              <![CDATA[User update failed! expected [200] but found [404]]]>
            </message>
            <full-stacktrace>
              <![CDATA[java.lang.AssertionError: User update failed! expected [200] but found [404]
at org.testng.Assert.fail(Assert.java:111)
at org.testng.Assert.failNotEquals(Assert.java:1578)
at org.testng.Assert.assertEqualsImpl(Assert.java:150)
at org.testng.Assert.assertEquals(Assert.java:132)
at org.testng.Assert.assertEquals(Assert.java:1419)
at org.testng.Assert.assertEquals(Assert.java:1383)
at testNg.UpdateUserTests.updateUserTest(UpdateUserTests.java:23)
at java.base/jdk.internal.reflect.DirectMethodHandleAccessor.invoke(DirectMethodHandleAccessor.java:103)
at java.base/java.lang.reflect.Method.invoke(Method.java:580)
at org.testng.internal.invokers.MethodInvocationHelper.invokeMethod(MethodInvocationHelper.java:141)
at org.testng.internal.invokers.TestInvoker.invokeMethod(TestInvoker.java:686)
at org.testng.internal.invokers.TestInvoker.invokeTestMethod(TestInvoker.java:230)
at org.testng.internal.invokers.MethodRunner.runInSequence(MethodRunner.java:63)
at org.testng.internal.invokers.TestInvoker$MethodInvocationAgent.invoke(TestInvoker.java:992)
at org.testng.internal.invokers.TestInvoker.invokeTestMethods(TestInvoker.java:203)
at org.testng.internal.invokers.TestMethodWorker.invokeTestMethods(TestMethodWorker.java:154)
at org.testng.internal.invokers.TestMethodWorker.run(TestMethodWorker.java:134)
at java.base/java.util.ArrayList.forEach(ArrayList.java:1597)
at org.testng.TestRunner.privateRun(TestRunner.java:739)
at org.testng.TestRunner.run(TestRunner.java:614)
at org.testng.SuiteRunner.runTest(SuiteRunner.java:421)
at org.testng.SuiteRunner.runSequentially(SuiteRunner.java:413)
at org.testng.SuiteRunner.privateRun(SuiteRunner.java:373)
at org.testng.SuiteRunner.run(SuiteRunner.java:312)
at org.testng.SuiteRunnerWorker.runSuite(SuiteRunnerWorker.java:52)
at org.testng.SuiteRunnerWorker.run(SuiteRunnerWorker.java:95)
at org.testng.TestNG.runSuitesSequentially(TestNG.java:1274)
at org.testng.TestNG.runSuitesLocally(TestNG.java:1208)
at org.testng.TestNG.runSuites(TestNG.java:1112)
at org.testng.TestNG.run(TestNG.java:1079)
at org.testng.remote.AbstractRemoteTestNG.run(AbstractRemoteTestNG.java:115)
at org.testng.remote.RemoteTestNG.initAndRun(RemoteTestNG.java:293)
at org.testng.remote.RemoteTestNG.main(RemoteTestNG.java:91)
]]>
            </full-stacktrace>
          </exception> <!-- java.lang.AssertionError -->
          <reporter-output>
          </reporter-output>
        </test-method> <!-- updateUserTest -->
      </class> <!-- testNg.UpdateUserTests -->
    </test> <!-- Update User Tests -->
    <test started-at="2024-10-18T10:35:17 CDT" name="Delete User Tests" finished-at="2024-10-18T10:35:17 CDT" duration-ms="109">
      <class name="testNg.DeleteUserTests">
        <test-method signature="givenValidUserId_whenDeleteUser_thenUserIsDeletedSuccessfully()[pri:0, instance:testNg.DeleteUserTests@48974e45]" started-at="2024-10-18T10:35:17 CDT" name="givenValidUserId_whenDeleteUser_thenUserIsDeletedSuccessfully" finished-at="2024-10-18T10:35:17 CDT" duration-ms="107" status="FAIL">
          <exception class="java.lang.AssertionError">
            <message>
              <![CDATA[expected [200] but found [401]]]>
            </message>
            <full-stacktrace>
              <![CDATA[java.lang.AssertionError: expected [200] but found [401]
at org.testng.Assert.fail(Assert.java:111)
at org.testng.Assert.failNotEquals(Assert.java:1578)
at org.testng.Assert.assertEqualsImpl(Assert.java:150)
at org.testng.Assert.assertEquals(Assert.java:132)
at org.testng.Assert.assertEquals(Assert.java:1419)
at org.testng.Assert.assertEquals(Assert.java:1383)
at org.testng.Assert.assertEquals(Assert.java:1429)
at testNg.DeleteUserTests.givenValidUserId_whenDeleteUser_thenUserIsDeletedSuccessfully(DeleteUserTests.java:20)
at java.base/jdk.internal.reflect.DirectMethodHandleAccessor.invoke(DirectMethodHandleAccessor.java:103)
at java.base/java.lang.reflect.Method.invoke(Method.java:580)
at org.testng.internal.invokers.MethodInvocationHelper.invokeMethod(MethodInvocationHelper.java:141)
at org.testng.internal.invokers.TestInvoker.invokeMethod(TestInvoker.java:686)
at org.testng.internal.invokers.TestInvoker.invokeTestMethod(TestInvoker.java:230)
at org.testng.internal.invokers.MethodRunner.runInSequence(MethodRunner.java:63)
at org.testng.internal.invokers.TestInvoker$MethodInvocationAgent.invoke(TestInvoker.java:992)
at org.testng.internal.invokers.TestInvoker.invokeTestMethods(TestInvoker.java:203)
at org.testng.internal.invokers.TestMethodWorker.invokeTestMethods(TestMethodWorker.java:154)
at org.testng.internal.invokers.TestMethodWorker.run(TestMethodWorker.java:134)
at java.base/java.util.ArrayList.forEach(ArrayList.java:1597)
at org.testng.TestRunner.privateRun(TestRunner.java:739)
at org.testng.TestRunner.run(TestRunner.java:614)
at org.testng.SuiteRunner.runTest(SuiteRunner.java:421)
at org.testng.SuiteRunner.runSequentially(SuiteRunner.java:413)
at org.testng.SuiteRunner.privateRun(SuiteRunner.java:373)
at org.testng.SuiteRunner.run(SuiteRunner.java:312)
at org.testng.SuiteRunnerWorker.runSuite(SuiteRunnerWorker.java:52)
at org.testng.SuiteRunnerWorker.run(SuiteRunnerWorker.java:95)
at org.testng.TestNG.runSuitesSequentially(TestNG.java:1274)
at org.testng.TestNG.runSuitesLocally(TestNG.java:1208)
at org.testng.TestNG.runSuites(TestNG.java:1112)
at org.testng.TestNG.run(TestNG.java:1079)
at org.testng.remote.AbstractRemoteTestNG.run(AbstractRemoteTestNG.java:115)
at org.testng.remote.RemoteTestNG.initAndRun(RemoteTestNG.java:293)
at org.testng.remote.RemoteTestNG.main(RemoteTestNG.java:91)
]]>
            </full-stacktrace>
          </exception> <!-- java.lang.AssertionError -->
          <reporter-output>
          </reporter-output>
        </test-method> <!-- givenValidUserId_whenDeleteUser_thenUserIsDeletedSuccessfully -->
      </class> <!-- testNg.DeleteUserTests -->
    </test> <!-- Delete User Tests -->
  </suite> <!-- UserAPISuite -->
</testng-results>
